build/app/intermediates/manifest_merge_blame_file/release/manifest-merger-blame-release-report.txt
1<?xml version="1.0" encoding="utf-8"?>
2<manifest xmlns:android="http://schemas.android.com/apk/res/android"
3    package="com.smartersvision.home_services"
4    android:versionCode="2"
5    android:versionName="1.0.1" >
6
7    <uses-sdk
8        android:minSdkVersion="20"
8-->src/main/AndroidManifest.xml
9        android:targetSdkVersion="30" />
9-->src/main/AndroidManifest.xml
10
11    <uses-permission android:name="android.permission.INTERNET" />
11-->src/main/AndroidManifest.xml:4:5-66
11-->src/main/AndroidManifest.xml:4:22-64
12    <uses-permission android:name="android.permission.ACCESS_FINE_LOCATION" />
12-->src/main/AndroidManifest.xml:5:5-78
12-->src/main/AndroidManifest.xml:5:22-76
13    <uses-permission android:name="android.permission.ACCESS_COARSE_LOCATION" />
13-->src/main/AndroidManifest.xml:6:5-80
13-->src/main/AndroidManifest.xml:6:22-78
14    <uses-permission android:name="android.permission.ACCESS_NETWORK_STATE" />
14-->src/main/AndroidManifest.xml:7:5-79
14-->src/main/AndroidManifest.xml:7:22-76
15    <uses-permission android:name="android.permission.WAKE_LOCK" /> <!-- Required by older versions of Google Play services to create IID tokens -->
15-->[:firebase_messaging] AndroidManifest.xml:8:5-68
15-->[:firebase_messaging] AndroidManifest.xml:8:22-65
16    <uses-permission android:name="com.google.android.c2dm.permission.RECEIVE" />
16-->[com.google.firebase:firebase-iid:21.0.1] AndroidManifest.xml:26:5-82
16-->[com.google.firebase:firebase-iid:21.0.1] AndroidManifest.xml:26:22-79
17
18    <uses-feature
18-->[com.google.android.gms:play-services-maps:17.0.0] AndroidManifest.xml:26:5-28:35
19        android:glEsVersion="0x00020000"
19-->[com.google.android.gms:play-services-maps:17.0.0] AndroidManifest.xml:27:9-41
20        android:required="true" />
20-->[com.google.android.gms:play-services-maps:17.0.0] AndroidManifest.xml:28:9-32
21    <!--
22 io.flutter.app.FlutterApplication is an android.app.Application that
23         calls FlutterMain.startInitialization(this); in its onCreate method.
24         In most cases you can leave this as-is, but you if you want to provide
25         additional functionality it is fine to subclass or reimplement
26         FlutterApplication and put your custom class here.
27    -->
28    <application
28-->src/main/AndroidManifest.xml:13:5-55:19
29        android:name="androidx.multidex.MultiDexApplication"
30        android:appComponentFactory="androidx.core.app.CoreComponentFactory"
30-->[androidx.core:core:1.6.0] AndroidManifest.xml:24:18-86
31        android:icon="@mipmap/ic_launcher"
31-->src/main/AndroidManifest.xml:15:9-43
32        android:label="Home Services"
32-->src/main/AndroidManifest.xml:14:9-38
33        android:usesCleartextTraffic="true" >
33-->src/main/AndroidManifest.xml:16:9-44
34        <meta-data
34-->src/main/AndroidManifest.xml:18:9-19:77
35            android:name="com.google.android.geo.API_KEY"
35-->src/main/AndroidManifest.xml:18:20-65
36            android:value="AIzaSyC3YYz8jqvHY3Yup1lzIdlU51FsjHKH5yE" />
36-->src/main/AndroidManifest.xml:19:20-75
37
38        <activity
38-->src/main/AndroidManifest.xml:21:9-49:20
39            android:name="com.smartersvision.home_services.MainActivity"
39-->src/main/AndroidManifest.xml:22:13-41
40            android:configChanges="orientation|keyboardHidden|keyboard|screenSize|smallestScreenSize|locale|layoutDirection|fontScale|screenLayout|density|uiMode"
40-->src/main/AndroidManifest.xml:25:13-163
41            android:hardwareAccelerated="true"
41-->src/main/AndroidManifest.xml:26:13-47
42            android:launchMode="singleTop"
42-->src/main/AndroidManifest.xml:23:13-43
43            android:theme="@style/LaunchTheme"
43-->src/main/AndroidManifest.xml:24:13-47
44            android:windowSoftInputMode="adjustResize" >
44-->src/main/AndroidManifest.xml:27:13-55
45
46            <!--
47                 Specifies an Android theme to apply to this Activity as soon as
48                 the Android process has started. This theme is visible to the user
49                 while the Flutter UI initializes. After that, this theme continues
50                 to determine the Window background behind the Flutter UI.
51            -->
52            <meta-data
52-->src/main/AndroidManifest.xml:32:13-35:17
53                android:name="io.flutter.embedding.android.NormalTheme"
53-->src/main/AndroidManifest.xml:33:15-70
54                android:resource="@style/NormalTheme" />
54-->src/main/AndroidManifest.xml:34:15-52
55            <!--
56                 Displays an Android View that continues showing the launch screen
57                 Drawable until Flutter paints its first frame, then this splash
58                 screen fades out. A splash screen is useful to avoid any visual
59                 gap between the end of Android's launch screen and the painting of
60                 Flutter's first frame.
61            -->
62            <meta-data
62-->src/main/AndroidManifest.xml:41:13-44:17
63                android:name="io.flutter.embedding.android.SplashScreenDrawable"
63-->src/main/AndroidManifest.xml:42:15-79
64                android:resource="@drawable/launch_background" />
64-->src/main/AndroidManifest.xml:43:15-61
65
66            <intent-filter>
66-->src/main/AndroidManifest.xml:45:13-48:29
67                <action android:name="android.intent.action.MAIN" />
67-->src/main/AndroidManifest.xml:46:17-68
67-->src/main/AndroidManifest.xml:46:25-66
68
69                <category android:name="android.intent.category.LAUNCHER" />
69-->src/main/AndroidManifest.xml:47:17-76
69-->src/main/AndroidManifest.xml:47:27-74
70            </intent-filter>
71        </activity>
72        <!--
73             Don't delete the meta-data below.
74             This is used by the Flutter tool to generate GeneratedPluginRegistrant.java
75        -->
76        <meta-data
76-->src/main/AndroidManifest.xml:52:9-54:33
77            android:name="flutterEmbedding"
77-->src/main/AndroidManifest.xml:53:13-44
78            android:value="2" />
78-->src/main/AndroidManifest.xml:54:13-30
79
80        <service
80-->[:firebase_auth] AndroidManifest.xml:8:9-12:19
81            android:name="com.google.firebase.components.ComponentDiscoveryService"
81-->[:firebase_auth] AndroidManifest.xml:8:18-89
82            android:directBootAware="true"
82-->[com.google.firebase:firebase-common:19.5.0] AndroidManifest.xml:35:13-43
83            android:exported="false" >
83-->[com.google.firebase:firebase-messaging:21.0.1] AndroidManifest.xml:38:13-37
84            <meta-data
84-->[:firebase_auth] AndroidManifest.xml:9:13-11:85
85                android:name="com.google.firebase.components:io.flutter.plugins.firebase.auth.FlutterFirebaseAuthRegistrar"
85-->[:firebase_auth] AndroidManifest.xml:10:17-124
86                android:value="com.google.firebase.components.ComponentRegistrar" />
86-->[:firebase_auth] AndroidManifest.xml:11:17-82
87            <meta-data
87-->[:cloud_firestore] AndroidManifest.xml:9:13-11:85
88                android:name="com.google.firebase.components:io.flutter.plugins.firebase.firestore.FlutterFirebaseFirestoreRegistrar"
88-->[:cloud_firestore] AndroidManifest.xml:10:17-134
89                android:value="com.google.firebase.components.ComponentRegistrar" />
89-->[:cloud_firestore] AndroidManifest.xml:11:17-82
90            <meta-data
90-->[:firebase_messaging] AndroidManifest.xml:34:13-36:85
91                android:name="com.google.firebase.components:io.flutter.plugins.firebase.messaging.FlutterFirebaseAppRegistrar"
91-->[:firebase_messaging] AndroidManifest.xml:35:17-128
92                android:value="com.google.firebase.components.ComponentRegistrar" />
92-->[:firebase_messaging] AndroidManifest.xml:36:17-82
93            <meta-data
93-->[:firebase_core] AndroidManifest.xml:9:13-11:85
94                android:name="com.google.firebase.components:io.flutter.plugins.firebase.core.FlutterFirebaseCoreRegistrar"
94-->[:firebase_core] AndroidManifest.xml:10:17-124
95                android:value="com.google.firebase.components.ComponentRegistrar" />
95-->[:firebase_core] AndroidManifest.xml:11:17-82
96            <meta-data
96-->[com.google.firebase:firebase-messaging:21.0.1] AndroidManifest.xml:39:13-41:85
97                android:name="com.google.firebase.components:com.google.firebase.messaging.FirebaseMessagingRegistrar"
97-->[com.google.firebase:firebase-messaging:21.0.1] AndroidManifest.xml:40:17-119
98                android:value="com.google.firebase.components.ComponentRegistrar" />
98-->[com.google.firebase:firebase-messaging:21.0.1] AndroidManifest.xml:41:17-82
99            <meta-data
99-->[com.google.firebase:firebase-datatransport:17.0.10] AndroidManifest.xml:28:13-30:85
100                android:name="com.google.firebase.components:com.google.firebase.datatransport.TransportRegistrar"
100-->[com.google.firebase:firebase-datatransport:17.0.10] AndroidManifest.xml:29:17-115
101                android:value="com.google.firebase.components.ComponentRegistrar" />
101-->[com.google.firebase:firebase-datatransport:17.0.10] AndroidManifest.xml:30:17-82
102            <meta-data
102-->[com.google.firebase:firebase-iid:21.0.1] AndroidManifest.xml:32:13-34:85
103                android:name="com.google.firebase.components:com.google.firebase.iid.Registrar"
103-->[com.google.firebase:firebase-iid:21.0.1] AndroidManifest.xml:33:17-96
104                android:value="com.google.firebase.components.ComponentRegistrar" />
104-->[com.google.firebase:firebase-iid:21.0.1] AndroidManifest.xml:34:17-82
105            <meta-data
105-->[com.google.firebase:firebase-installations:16.3.5] AndroidManifest.xml:18:13-20:85
106                android:name="com.google.firebase.components:com.google.firebase.installations.FirebaseInstallationsRegistrar"
106-->[com.google.firebase:firebase-installations:16.3.5] AndroidManifest.xml:19:17-127
107                android:value="com.google.firebase.components.ComponentRegistrar" />
107-->[com.google.firebase:firebase-installations:16.3.5] AndroidManifest.xml:20:17-82
108            <meta-data
108-->[com.google.firebase:firebase-auth:20.0.1] AndroidManifest.xml:77:13-79:85
109                android:name="com.google.firebase.components:com.google.firebase.auth.FirebaseAuthRegistrar"
109-->[com.google.firebase:firebase-auth:20.0.1] AndroidManifest.xml:78:17-109
110                android:value="com.google.firebase.components.ComponentRegistrar" />
110-->[com.google.firebase:firebase-auth:20.0.1] AndroidManifest.xml:79:17-82
111            <meta-data
111-->[com.google.firebase:firebase-firestore:22.0.1] AndroidManifest.xml:20:13-22:85
112                android:name="com.google.firebase.components:com.google.firebase.firestore.FirestoreRegistrar"
112-->[com.google.firebase:firebase-firestore:22.0.1] AndroidManifest.xml:21:17-111
113                android:value="com.google.firebase.components.ComponentRegistrar" />
113-->[com.google.firebase:firebase-firestore:22.0.1] AndroidManifest.xml:22:17-82
114            <!--
115                This registrar is not defined in the dynamic-module-support sdk itself to allow non-firebase
116                clients to use it as well, by defining this registrar in their own core/common library.
117            -->
118            <meta-data
118-->[com.google.firebase:firebase-common:19.5.0] AndroidManifest.xml:43:13-45:85
119                android:name="com.google.firebase.components:com.google.firebase.dynamicloading.DynamicLoadingRegistrar"
119-->[com.google.firebase:firebase-common:19.5.0] AndroidManifest.xml:44:17-121
120                android:value="com.google.firebase.components.ComponentRegistrar" />
120-->[com.google.firebase:firebase-common:19.5.0] AndroidManifest.xml:45:17-82
121        </service>
122        <service
122-->[:firebase_messaging] AndroidManifest.xml:12:9-15:72
123            android:name="io.flutter.plugins.firebase.messaging.FlutterFirebaseMessagingBackgroundService"
123-->[:firebase_messaging] AndroidManifest.xml:13:13-107
124            android:exported="false"
124-->[:firebase_messaging] AndroidManifest.xml:14:13-37
125            android:permission="android.permission.BIND_JOB_SERVICE" />
125-->[:firebase_messaging] AndroidManifest.xml:15:13-69
126        <service
126-->[:firebase_messaging] AndroidManifest.xml:16:9-22:19
127            android:name="io.flutter.plugins.firebase.messaging.FlutterFirebaseMessagingService"
127-->[:firebase_messaging] AndroidManifest.xml:17:13-97
128            android:exported="false" >
128-->[:firebase_messaging] AndroidManifest.xml:18:13-37
129            <intent-filter>
129-->[:firebase_messaging] AndroidManifest.xml:19:13-21:29
130                <action android:name="com.google.firebase.MESSAGING_EVENT" />
130-->[:firebase_messaging] AndroidManifest.xml:20:17-78
130-->[:firebase_messaging] AndroidManifest.xml:20:25-75
131            </intent-filter>
132        </service>
133
134        <receiver
134-->[:firebase_messaging] AndroidManifest.xml:24:9-31:20
135            android:name="io.flutter.plugins.firebase.messaging.FlutterFirebaseMessagingReceiver"
135-->[:firebase_messaging] AndroidManifest.xml:25:13-98
136            android:exported="true"
136-->[:firebase_messaging] AndroidManifest.xml:26:13-36
137            android:permission="com.google.android.c2dm.permission.SEND" >
137-->[:firebase_messaging] AndroidManifest.xml:27:13-73
138            <intent-filter>
138-->[:firebase_messaging] AndroidManifest.xml:28:13-30:29
139                <action android:name="com.google.android.c2dm.intent.RECEIVE" />
139-->[:firebase_messaging] AndroidManifest.xml:29:17-81
139-->[:firebase_messaging] AndroidManifest.xml:29:25-78
140            </intent-filter>
141        </receiver>
142
143        <provider
143-->[:firebase_messaging] AndroidManifest.xml:39:9-43:38
144            android:name="io.flutter.plugins.firebase.messaging.FlutterFirebaseMessagingInitProvider"
144-->[:firebase_messaging] AndroidManifest.xml:40:13-102
145            android:authorities="com.smartersvision.home_services.flutterfirebasemessaginginitprovider"
145-->[:firebase_messaging] AndroidManifest.xml:41:13-88
146            android:exported="false"
146-->[:firebase_messaging] AndroidManifest.xml:42:13-37
147            android:initOrder="99" />
147-->[:firebase_messaging] AndroidManifest.xml:43:13-35
148
149        <uses-library
149-->[androidx.window:window:1.0.0-beta04] AndroidManifest.xml:25:9-27:40
150            android:name="androidx.window.extensions"
150-->[androidx.window:window:1.0.0-beta04] AndroidManifest.xml:26:13-54
151            android:required="false" />
151-->[androidx.window:window:1.0.0-beta04] AndroidManifest.xml:27:13-37
152        <uses-library
152-->[androidx.window:window:1.0.0-beta04] AndroidManifest.xml:28:9-30:40
153            android:name="androidx.window.sidecar"
153-->[androidx.window:window:1.0.0-beta04] AndroidManifest.xml:29:13-51
154            android:required="false" />
154-->[androidx.window:window:1.0.0-beta04] AndroidManifest.xml:30:13-37
155        <!--
156             FirebaseMessagingService performs security checks at runtime,
157             but set to not exported to explicitly avoid allowing another app to call it.
158        -->
159        <service
159-->[com.google.firebase:firebase-messaging:21.0.1] AndroidManifest.xml:28:9-35:19
160            android:name="com.google.firebase.messaging.FirebaseMessagingService"
160-->[com.google.firebase:firebase-messaging:21.0.1] AndroidManifest.xml:29:13-82
161            android:directBootAware="true"
161-->[com.google.firebase:firebase-messaging:21.0.1] AndroidManifest.xml:30:13-43
162            android:exported="false" >
162-->[com.google.firebase:firebase-messaging:21.0.1] AndroidManifest.xml:31:13-37
163            <intent-filter android:priority="-500" >
163-->[:firebase_messaging] AndroidManifest.xml:19:13-21:29
164                <action android:name="com.google.firebase.MESSAGING_EVENT" />
164-->[:firebase_messaging] AndroidManifest.xml:20:17-78
164-->[:firebase_messaging] AndroidManifest.xml:20:25-75
165            </intent-filter>
166        </service>
167
168        <receiver
168-->[com.google.firebase:firebase-iid:21.0.1] AndroidManifest.xml:37:9-44:20
169            android:name="com.google.firebase.iid.FirebaseInstanceIdReceiver"
169-->[com.google.firebase:firebase-iid:21.0.1] AndroidManifest.xml:38:13-78
170            android:exported="true"
170-->[com.google.firebase:firebase-iid:21.0.1] AndroidManifest.xml:39:13-36
171            android:permission="com.google.android.c2dm.permission.SEND" >
171-->[com.google.firebase:firebase-iid:21.0.1] AndroidManifest.xml:40:13-73
172            <intent-filter>
172-->[:firebase_messaging] AndroidManifest.xml:28:13-30:29
173                <action android:name="com.google.android.c2dm.intent.RECEIVE" />
173-->[:firebase_messaging] AndroidManifest.xml:29:17-81
173-->[:firebase_messaging] AndroidManifest.xml:29:25-78
174            </intent-filter>
175        </receiver>
176
177        <activity
177-->[com.google.firebase:firebase-auth:20.0.1] AndroidManifest.xml:27:9-44:20
178            android:name="com.google.firebase.auth.internal.GenericIdpActivity"
178-->[com.google.firebase:firebase-auth:20.0.1] AndroidManifest.xml:28:13-80
179            android:excludeFromRecents="true"
179-->[com.google.firebase:firebase-auth:20.0.1] AndroidManifest.xml:29:13-46
180            android:exported="true"
180-->[com.google.firebase:firebase-auth:20.0.1] AndroidManifest.xml:30:13-36
181            android:launchMode="singleTask"
181-->[com.google.firebase:firebase-auth:20.0.1] AndroidManifest.xml:31:13-44
182            android:theme="@android:style/Theme.Translucent.NoTitleBar" >
182-->[com.google.firebase:firebase-auth:20.0.1] AndroidManifest.xml:32:13-72
183            <intent-filter>
183-->[com.google.firebase:firebase-auth:20.0.1] AndroidManifest.xml:33:13-43:29
184                <action android:name="android.intent.action.VIEW" />
184-->[com.google.firebase:firebase-auth:20.0.1] AndroidManifest.xml:34:17-69
184-->[com.google.firebase:firebase-auth:20.0.1] AndroidManifest.xml:34:25-66
185
186                <category android:name="android.intent.category.DEFAULT" />
186-->[com.google.firebase:firebase-auth:20.0.1] AndroidManifest.xml:36:17-76
186-->[com.google.firebase:firebase-auth:20.0.1] AndroidManifest.xml:36:27-73
187                <category android:name="android.intent.category.BROWSABLE" />
187-->[com.google.firebase:firebase-auth:20.0.1] AndroidManifest.xml:37:17-78
187-->[com.google.firebase:firebase-auth:20.0.1] AndroidManifest.xml:37:27-75
188
189                <data
189-->[com.google.firebase:firebase-auth:20.0.1] AndroidManifest.xml:39:17-42:51
190                    android:host="firebase.auth"
190-->[com.google.firebase:firebase-auth:20.0.1] AndroidManifest.xml:40:21-49
191                    android:path="/"
191-->[com.google.firebase:firebase-auth:20.0.1] AndroidManifest.xml:41:21-37
192                    android:scheme="genericidp" />
192-->[com.google.firebase:firebase-auth:20.0.1] AndroidManifest.xml:42:21-48
193            </intent-filter>
194        </activity>
195        <activity
195-->[com.google.firebase:firebase-auth:20.0.1] AndroidManifest.xml:45:9-62:20
196            android:name="com.google.firebase.auth.internal.RecaptchaActivity"
196-->[com.google.firebase:firebase-auth:20.0.1] AndroidManifest.xml:46:13-79
197            android:excludeFromRecents="true"
197-->[com.google.firebase:firebase-auth:20.0.1] AndroidManifest.xml:47:13-46
198            android:exported="true"
198-->[com.google.firebase:firebase-auth:20.0.1] AndroidManifest.xml:48:13-36
199            android:launchMode="singleTask"
199-->[com.google.firebase:firebase-auth:20.0.1] AndroidManifest.xml:49:13-44
200            android:theme="@android:style/Theme.Translucent.NoTitleBar" >
200-->[com.google.firebase:firebase-auth:20.0.1] AndroidManifest.xml:50:13-72
201            <intent-filter>
201-->[com.google.firebase:firebase-auth:20.0.1] AndroidManifest.xml:51:13-61:29
202                <action android:name="android.intent.action.VIEW" />
202-->[com.google.firebase:firebase-auth:20.0.1] AndroidManifest.xml:34:17-69
202-->[com.google.firebase:firebase-auth:20.0.1] AndroidManifest.xml:34:25-66
203
204                <category android:name="android.intent.category.DEFAULT" />
204-->[com.google.firebase:firebase-auth:20.0.1] AndroidManifest.xml:36:17-76
204-->[com.google.firebase:firebase-auth:20.0.1] AndroidManifest.xml:36:27-73
205                <category android:name="android.intent.category.BROWSABLE" />
205-->[com.google.firebase:firebase-auth:20.0.1] AndroidManifest.xml:37:17-78
205-->[com.google.firebase:firebase-auth:20.0.1] AndroidManifest.xml:37:27-75
206
207                <data
207-->[com.google.firebase:firebase-auth:20.0.1] AndroidManifest.xml:39:17-42:51
208                    android:host="firebase.auth"
208-->[com.google.firebase:firebase-auth:20.0.1] AndroidManifest.xml:40:21-49
209                    android:path="/"
209-->[com.google.firebase:firebase-auth:20.0.1] AndroidManifest.xml:41:21-37
210                    android:scheme="recaptcha" />
210-->[com.google.firebase:firebase-auth:20.0.1] AndroidManifest.xml:42:21-48
211            </intent-filter>
212        </activity>
213
214        <service
214-->[com.google.firebase:firebase-auth:20.0.1] AndroidManifest.xml:64:9-73:19
215            android:name="com.google.firebase.auth.api.fallback.service.FirebaseAuthFallbackService"
215-->[com.google.firebase:firebase-auth:20.0.1] AndroidManifest.xml:65:13-101
216            android:enabled="true"
216-->[com.google.firebase:firebase-auth:20.0.1] AndroidManifest.xml:66:13-35
217            android:exported="false" >
217-->[com.google.firebase:firebase-auth:20.0.1] AndroidManifest.xml:67:13-37
218            <intent-filter>
218-->[com.google.firebase:firebase-auth:20.0.1] AndroidManifest.xml:68:13-72:29
219                <action android:name="com.google.firebase.auth.api.gms.service.START" />
219-->[com.google.firebase:firebase-auth:20.0.1] AndroidManifest.xml:69:17-89
219-->[com.google.firebase:firebase-auth:20.0.1] AndroidManifest.xml:69:25-86
220
221                <category android:name="android.intent.category.DEFAULT" />
221-->[com.google.firebase:firebase-auth:20.0.1] AndroidManifest.xml:36:17-76
221-->[com.google.firebase:firebase-auth:20.0.1] AndroidManifest.xml:36:27-73
222            </intent-filter>
223        </service>
224
225        <provider
225-->[com.google.firebase:firebase-common:19.5.0] AndroidManifest.xml:26:9-31:39
226            android:name="com.google.firebase.provider.FirebaseInitProvider"
226-->[com.google.firebase:firebase-common:19.5.0] AndroidManifest.xml:27:13-77
227            android:authorities="com.smartersvision.home_services.firebaseinitprovider"
227-->[com.google.firebase:firebase-common:19.5.0] AndroidManifest.xml:28:13-72
228            android:directBootAware="true"
228-->[com.google.firebase:firebase-common:19.5.0] AndroidManifest.xml:29:13-43
229            android:exported="false"
229-->[com.google.firebase:firebase-common:19.5.0] AndroidManifest.xml:30:13-37
230            android:initOrder="100" />
230-->[com.google.firebase:firebase-common:19.5.0] AndroidManifest.xml:31:13-36
231
232        <service
232-->[com.google.android.datatransport:transport-backend-cct:2.3.3] AndroidManifest.xml:29:9-35:19
233            android:name="com.google.android.datatransport.runtime.backends.TransportBackendDiscovery"
233-->[com.google.android.datatransport:transport-backend-cct:2.3.3] AndroidManifest.xml:30:13-103
234            android:exported="false" >
234-->[com.google.android.datatransport:transport-backend-cct:2.3.3] AndroidManifest.xml:31:13-37
235            <meta-data
235-->[com.google.android.datatransport:transport-backend-cct:2.3.3] AndroidManifest.xml:32:13-34:39
236                android:name="backend:com.google.android.datatransport.cct.CctBackendFactory"
236-->[com.google.android.datatransport:transport-backend-cct:2.3.3] AndroidManifest.xml:33:17-94
237                android:value="cct" />
237-->[com.google.android.datatransport:transport-backend-cct:2.3.3] AndroidManifest.xml:34:17-36
238        </service> <!-- Needs to be explicitly declared on P+ -->
239        <uses-library
239-->[com.google.android.gms:play-services-maps:17.0.0] AndroidManifest.xml:33:9-35:40
240            android:name="org.apache.http.legacy"
240-->[com.google.android.gms:play-services-maps:17.0.0] AndroidManifest.xml:34:13-50
241            android:required="false" />
241-->[com.google.android.gms:play-services-maps:17.0.0] AndroidManifest.xml:35:13-37
242
243        <activity
243-->[com.google.android.gms:play-services-base:17.1.0] AndroidManifest.xml:23:9-26:75
244            android:name="com.google.android.gms.common.api.GoogleApiActivity"
244-->[com.google.android.gms:play-services-base:17.1.0] AndroidManifest.xml:24:13-79
245            android:exported="false"
245-->[com.google.android.gms:play-services-base:17.1.0] AndroidManifest.xml:25:13-37
246            android:theme="@android:style/Theme.Translucent.NoTitleBar" />
246-->[com.google.android.gms:play-services-base:17.1.0] AndroidManifest.xml:26:13-72
247
248        <meta-data
248-->[com.google.android.gms:play-services-basement:17.1.0] AndroidManifest.xml:23:9-25:69
249            android:name="com.google.android.gms.version"
249-->[com.google.android.gms:play-services-basement:17.1.0] AndroidManifest.xml:24:13-58
250            android:value="@integer/google_play_services_version" />
250-->[com.google.android.gms:play-services-basement:17.1.0] AndroidManifest.xml:25:13-66
251
252        <service
252-->[com.google.android.datatransport:transport-runtime:2.2.5] AndroidManifest.xml:26:9-30:19
253            android:name="com.google.android.datatransport.runtime.scheduling.jobscheduling.JobInfoSchedulerService"
253-->[com.google.android.datatransport:transport-runtime:2.2.5] AndroidManifest.xml:27:13-117
254            android:exported="false"
254-->[com.google.android.datatransport:transport-runtime:2.2.5] AndroidManifest.xml:28:13-37
255            android:permission="android.permission.BIND_JOB_SERVICE" >
255-->[com.google.android.datatransport:transport-runtime:2.2.5] AndroidManifest.xml:29:13-69
256        </service>
257
258        <receiver
258-->[com.google.android.datatransport:transport-runtime:2.2.5] AndroidManifest.xml:32:9-34:40
259            android:name="com.google.android.datatransport.runtime.scheduling.jobscheduling.AlarmManagerSchedulerBroadcastReceiver"
259-->[com.google.android.datatransport:transport-runtime:2.2.5] AndroidManifest.xml:33:13-132
260            android:exported="false" />
260-->[com.google.android.datatransport:transport-runtime:2.2.5] AndroidManifest.xml:34:13-37
261    </application>
262
263</manifest>